# JRE version: OpenJDK Runtime Environment (17.0.9) (build 17.0.9+0--11185874)
# Java VM: OpenJDK 64-Bit Server VM (17.0.9+0--11185874, mixed mode, tiered, compressed oops, compressed class ptrs, g1 gc, windows-amd64)
GC Precious Log:
 CPUs: 4 total, 4 available
 Memory: 8073M
 Large Page Support: Disabled
 NUMA Support: Disabled
 Compressed Oops: Enabled (32-bit)
 Heap Region Size: 1M
 Heap Min Capacity: 8M
 Heap Initial Capacity: 128M
 Heap Max Capacity: 2G
 Pre-touch: Disabled
 Parallel Workers: 4
 Concurrent Workers: 1
 Concurrent Refinement Workers: 4
 Periodic GC: Disabled
Heap:
 garbage-first heap   total 317440K, used 173444K [0x0000000080000000, 0x0000000100000000)
  region size 1024K, 55 young (56320K), 4 survivors (4096K)
 Metaspace       used 94026K, committed 94784K, reserved 1179648K
  class space    used 12918K, committed 13248K, reserved 1048576K
GC Heap History (20 events):
Event: 40.680 GC heap before
{Heap before GC invocations=47 (full 0):
 garbage-first heap   total 153600K, used 127301K [0x0000000080000000, 0x0000000100000000)
  region size 1024K, 29 young (29696K), 1 survivors (1024K)
 Metaspace       used 71142K, committed 71744K, reserved 1114112K
  class space    used 9518K, committed 9792K, reserved 1048576K
}
Event: 40.682 GC heap after
{Heap after GC invocations=48 (full 0):
 garbage-first heap   total 153600K, used 100049K [0x0000000080000000, 0x0000000100000000)
  region size 1024K, 1 young (1024K), 1 survivors (1024K)
 Metaspace       used 71142K, committed 71744K, reserved 1114112K
  class space    used 9518K, committed 9792K, reserved 1048576K
}
Event: 42.004 GC heap before
{Heap before GC invocations=49 (full 0):
 garbage-first heap   total 176128K, used 127697K [0x0000000080000000, 0x0000000100000000)
  region size 1024K, 28 young (28672K), 1 survivors (1024K)
 Metaspace       used 73632K, committed 74304K, reserved 1114112K
  class space    used 9911K, committed 10240K, reserved 1048576K
}
Event: 42.008 GC heap after
{Heap after GC invocations=50 (full 0):
 garbage-first heap   total 176128K, used 101398K [0x0000000080000000, 0x0000000100000000)
  region size 1024K, 2 young (2048K), 2 survivors (2048K)
 Metaspace       used 73632K, committed 74304K, reserved 1114112K
  class space    used 9911K, committed 10240K, reserved 1048576K
}
Event: 42.138 GC heap before
{Heap before GC invocations=50 (full 0):
 garbage-first heap   total 176128K, used 107542K [0x0000000080000000, 0x0000000100000000)
  region size 1024K, 8 young (8192K), 2 survivors (2048K)
 Metaspace       used 74139K, committed 74816K, reserved 1114112K
  class space    used 9970K, committed 10240K, reserved 1048576K
}
Event: 42.143 GC heap after
{Heap after GC invocations=51 (full 0):
 garbage-first heap   total 176128K, used 103714K [0x0000000080000000, 0x0000000100000000)
  region size 1024K, 1 young (1024K), 1 survivors (1024K)
 Metaspace       used 74139K, committed 74816K, reserved 1114112K
  class space    used 9970K, committed 10240K, reserved 1048576K
}
Event: 43.694 GC heap before
{Heap before GC invocations=51 (full 0):
 garbage-first heap   total 176128K, used 149794K [0x0000000080000000, 0x0000000100000000)
  region size 1024K, 42 young (43008K), 1 survivors (1024K)
 Metaspace       used 76576K, committed 77184K, reserved 1179648K
  class space    used 10306K, committed 10560K, reserved 1048576K
}
Event: 43.700 GC heap after
{Heap after GC invocations=52 (full 0):
 garbage-first heap   total 176128K, used 106638K [0x0000000080000000, 0x0000000100000000)
  region size 1024K, 4 young (4096K), 4 survivors (4096K)
 Metaspace       used 76576K, committed 77184K, reserved 1179648K
  class space    used 10306K, committed 10560K, reserved 1048576K
}
Event: 48.021 GC heap before
{Heap before GC invocations=52 (full 0):
 garbage-first heap   total 176128K, used 150670K [0x0000000080000000, 0x0000000100000000)
  region size 1024K, 43 young (44032K), 4 survivors (4096K)
 Metaspace       used 80312K, committed 80960K, reserved 1179648K
  class space    used 10803K, committed 11072K, reserved 1048576K
}
Event: 48.032 GC heap after
{Heap after GC invocations=53 (full 0):
 garbage-first heap   total 176128K, used 113581K [0x0000000080000000, 0x0000000100000000)
  region size 1024K, 6 young (6144K), 6 survivors (6144K)
 Metaspace       used 80312K, committed 80960K, reserved 1179648K
  class space    used 10803K, committed 11072K, reserved 1048576K
}
Event: 49.562 GC heap before
{Heap before GC invocations=53 (full 0):
 garbage-first heap   total 176128K, used 148397K [0x0000000080000000, 0x0000000100000000)
  region size 1024K, 40 young (40960K), 6 survivors (6144K)
 Metaspace       used 83918K, committed 84544K, reserved 1179648K
  class space    used 11321K, committed 11584K, reserved 1048576K
}
Event: 49.569 GC heap after
{Heap after GC invocations=54 (full 0):
 garbage-first heap   total 176128K, used 114688K [0x0000000080000000, 0x0000000100000000)
  region size 1024K, 4 young (4096K), 4 survivors (4096K)
 Metaspace       used 83918K, committed 84544K, reserved 1179648K
  class space    used 11321K, committed 11584K, reserved 1048576K
}
Event: 51.888 GC heap before
{Heap before GC invocations=54 (full 0):
 garbage-first heap   total 176128K, used 149504K [0x0000000080000000, 0x0000000100000000)
  region size 1024K, 38 young (38912K), 4 survivors (4096K)
 Metaspace       used 86489K, committed 87168K, reserved 1179648K
  class space    used 11674K, committed 11968K, reserved 1048576K
}
Event: 51.895 GC heap after
{Heap after GC invocations=55 (full 0):
 garbage-first heap   total 176128K, used 116372K [0x0000000080000000, 0x0000000100000000)
  region size 1024K, 3 young (3072K), 3 survivors (3072K)
 Metaspace       used 86489K, committed 87168K, reserved 1179648K
  class space    used 11674K, committed 11968K, reserved 1048576K
}
Event: 52.264 GC heap before
{Heap before GC invocations=55 (full 0):
 garbage-first heap   total 176128K, used 150164K [0x0000000080000000, 0x0000000100000000)
  region size 1024K, 36 young (36864K), 3 survivors (3072K)
 Metaspace       used 86878K, committed 87552K, reserved 1179648K
  class space    used 11732K, committed 12032K, reserved 1048576K
}
Event: 52.274 GC heap after
{Heap after GC invocations=56 (full 0):
 garbage-first heap   total 176128K, used 119310K [0x0000000080000000, 0x0000000100000000)
  region size 1024K, 5 young (5120K), 5 survivors (5120K)
 Metaspace       used 86878K, committed 87552K, reserved 1179648K
  class space    used 11732K, committed 12032K, reserved 1048576K
}
Event: 53.040 GC heap before
{Heap before GC invocations=56 (full 0):
 garbage-first heap   total 176128K, used 150030K [0x0000000080000000, 0x0000000100000000)
  region size 1024K, 35 young (35840K), 5 survivors (5120K)
 Metaspace       used 88441K, committed 89088K, reserved 1179648K
  class space    used 11957K, committed 12224K, reserved 1048576K
}
Event: 53.051 GC heap after
{Heap after GC invocations=57 (full 0):
 garbage-first heap   total 176128K, used 121038K [0x0000000080000000, 0x0000000100000000)
  region size 1024K, 5 young (5120K), 5 survivors (5120K)
 Metaspace       used 88441K, committed 89088K, reserved 1179648K
  class space    used 11957K, committed 12224K, reserved 1048576K
}
Event: 54.011 GC heap before
{Heap before GC invocations=57 (full 0):
 garbage-first heap   total 176128K, used 151758K [0x0000000080000000, 0x0000000100000000)
  region size 1024K, 34 young (34816K), 5 survivors (5120K)
 Metaspace       used 90414K, committed 91072K, reserved 1179648K
  class space    used 12253K, committed 12544K, reserved 1048576K
}
Event: 54.023 GC heap after
{Heap after GC invocations=58 (full 0):
 garbage-first heap   total 317440K, used 122244K [0x0000000080000000, 0x0000000100000000)
  region size 1024K, 4 young (4096K), 4 survivors (4096K)
 Metaspace       used 90414K, committed 91072K, reserved 1179648K
  class space    used 12253K, committed 12544K, reserved 1048576K
}

