# JRE version: OpenJDK Runtime Environment (17.0.9) (build 17.0.9+0--11185874)
# Java VM: OpenJDK 64-Bit Server VM (17.0.9+0--11185874, mixed mode, tiered, compressed oops, compressed class ptrs, g1 gc, windows-amd64)
GC Precious Log:
 CPUs: 4 total, 4 available
 Memory: 8073M
 Large Page Support: Disabled
 NUMA Support: Disabled
 Compressed Oops: Enabled (32-bit)
 Heap Region Size: 1M
 Heap Min Capacity: 8M
 Heap Initial Capacity: 128M
 Heap Max Capacity: 2G
 Pre-touch: Disabled
 Parallel Workers: 4
 Concurrent Workers: 1
 Concurrent Refinement Workers: 4
 Periodic GC: Disabled
Heap:
 garbage-first heap   total 270336K, used 160199K [0x0000000080000000, 0x0000000100000000)
  region size 1024K, 2 young (2048K), 2 survivors (2048K)
 Metaspace       used 124314K, committed 125248K, reserved 1179648K
  class space    used 16755K, committed 17216K, reserved 1048576K
GC Heap History (20 events):
Event: 124.889 GC heap after
{Heap after GC invocations=75 (full 0):
 garbage-first heap   total 189440K, used 122716K [0x0000000080000000, 0x0000000100000000)
  region size 1024K, 3 young (3072K), 3 survivors (3072K)
 Metaspace       used 112116K, committed 112960K, reserved 1179648K
  class space    used 15247K, committed 15680K, reserved 1048576K
}
Event: 171.583 GC heap before
{Heap before GC invocations=75 (full 0):
 garbage-first heap   total 189440K, used 161628K [0x0000000080000000, 0x0000000100000000)
  region size 1024K, 42 young (43008K), 3 survivors (3072K)
 Metaspace       used 114983K, committed 115776K, reserved 1179648K
  class space    used 15631K, committed 16000K, reserved 1048576K
}
Event: 171.590 GC heap after
{Heap after GC invocations=76 (full 0):
 garbage-first heap   total 189440K, used 124939K [0x0000000080000000, 0x0000000100000000)
  region size 1024K, 5 young (5120K), 5 survivors (5120K)
 Metaspace       used 114983K, committed 115776K, reserved 1179648K
  class space    used 15631K, committed 16000K, reserved 1048576K
}
Event: 173.006 GC heap before
{Heap before GC invocations=76 (full 0):
 garbage-first heap   total 189440K, used 161803K [0x0000000080000000, 0x0000000100000000)
  region size 1024K, 42 young (43008K), 5 survivors (5120K)
 Metaspace       used 115536K, committed 116416K, reserved 1179648K
  class space    used 15702K, committed 16128K, reserved 1048576K
}
Event: 173.031 GC heap after
{Heap after GC invocations=77 (full 0):
 garbage-first heap   total 189440K, used 129742K [0x0000000080000000, 0x0000000100000000)
  region size 1024K, 6 young (6144K), 6 survivors (6144K)
 Metaspace       used 115536K, committed 116416K, reserved 1179648K
  class space    used 15702K, committed 16128K, reserved 1048576K
}
Event: 174.376 GC heap before
{Heap before GC invocations=77 (full 0):
 garbage-first heap   total 189440K, used 160462K [0x0000000080000000, 0x0000000100000000)
  region size 1024K, 36 young (36864K), 6 survivors (6144K)
 Metaspace       used 116394K, committed 117248K, reserved 1179648K
  class space    used 15796K, committed 16256K, reserved 1048576K
}
Event: 174.407 GC heap after
{Heap after GC invocations=78 (full 0):
 garbage-first heap   total 189440K, used 136563K [0x0000000080000000, 0x0000000100000000)
  region size 1024K, 5 young (5120K), 5 survivors (5120K)
 Metaspace       used 116394K, committed 117248K, reserved 1179648K
  class space    used 15796K, committed 16256K, reserved 1048576K
}
Event: 178.868 GC heap before
{Heap before GC invocations=78 (full 0):
 garbage-first heap   total 189440K, used 159091K [0x0000000080000000, 0x0000000100000000)
  region size 1024K, 26 young (26624K), 5 survivors (5120K)
 Metaspace       used 119323K, committed 120192K, reserved 1179648K
  class space    used 16217K, committed 16640K, reserved 1048576K
}
Event: 178.884 GC heap after
{Heap after GC invocations=79 (full 0):
 garbage-first heap   total 189440K, used 139509K [0x0000000080000000, 0x0000000100000000)
  region size 1024K, 3 young (3072K), 3 survivors (3072K)
 Metaspace       used 119323K, committed 120192K, reserved 1179648K
  class space    used 16217K, committed 16640K, reserved 1048576K
}
Event: 179.215 GC heap before
{Heap before GC invocations=79 (full 0):
 garbage-first heap   total 189440K, used 159989K [0x0000000080000000, 0x0000000100000000)
  region size 1024K, 22 young (22528K), 3 survivors (3072K)
 Metaspace       used 122665K, committed 123520K, reserved 1179648K
  class space    used 16613K, committed 17024K, reserved 1048576K
}
Event: 179.219 GC heap after
{Heap after GC invocations=80 (full 0):
 garbage-first heap   total 189440K, used 144771K [0x0000000080000000, 0x0000000100000000)
  region size 1024K, 3 young (3072K), 3 survivors (3072K)
 Metaspace       used 122665K, committed 123520K, reserved 1179648K
  class space    used 16613K, committed 17024K, reserved 1048576K
}
Event: 180.064 GC heap before
{Heap before GC invocations=80 (full 0):
 garbage-first heap   total 189440K, used 163203K [0x0000000080000000, 0x0000000100000000)
  region size 1024K, 19 young (19456K), 3 survivors (3072K)
 Metaspace       used 123626K, committed 124544K, reserved 1179648K
  class space    used 16684K, committed 17152K, reserved 1048576K
}
Event: 180.069 GC heap after
{Heap after GC invocations=81 (full 0):
 garbage-first heap   total 189440K, used 151060K [0x0000000080000000, 0x0000000100000000)
  region size 1024K, 3 young (3072K), 3 survivors (3072K)
 Metaspace       used 123626K, committed 124544K, reserved 1179648K
  class space    used 16684K, committed 17152K, reserved 1048576K
}
Event: 180.331 GC heap before
{Heap before GC invocations=81 (full 0):
 garbage-first heap   total 189440K, used 160276K [0x0000000080000000, 0x0000000100000000)
  region size 1024K, 13 young (13312K), 3 survivors (3072K)
 Metaspace       used 123635K, committed 124544K, reserved 1179648K
  class space    used 16685K, committed 17152K, reserved 1048576K
}
Event: 180.337 GC heap after
{Heap after GC invocations=82 (full 0):
 garbage-first heap   total 189440K, used 154232K [0x0000000080000000, 0x0000000100000000)
  region size 1024K, 2 young (2048K), 2 survivors (2048K)
 Metaspace       used 123635K, committed 124544K, reserved 1179648K
  class space    used 16685K, committed 17152K, reserved 1048576K
}
Event: 180.560 GC heap before
{Heap before GC invocations=82 (full 0):
 garbage-first heap   total 189440K, used 162424K [0x0000000080000000, 0x0000000100000000)
  region size 1024K, 10 young (10240K), 2 survivors (2048K)
 Metaspace       used 123962K, committed 124800K, reserved 1179648K
  class space    used 16729K, committed 17152K, reserved 1048576K
}
Event: 180.566 GC heap after
{Heap after GC invocations=83 (full 0):
 garbage-first heap   total 189440K, used 156460K [0x0000000080000000, 0x0000000100000000)
  region size 1024K, 2 young (2048K), 2 survivors (2048K)
 Metaspace       used 123962K, committed 124800K, reserved 1179648K
  class space    used 16729K, committed 17152K, reserved 1048576K
}
Event: 180.834 GC heap before
{Heap before GC invocations=84 (full 0):
 garbage-first heap   total 270336K, used 163628K [0x0000000080000000, 0x0000000100000000)
  region size 1024K, 9 young (9216K), 2 survivors (2048K)
 Metaspace       used 124072K, committed 124928K, reserved 1179648K
  class space    used 16740K, committed 17152K, reserved 1048576K
}
Event: 180.843 GC heap after
{Heap after GC invocations=85 (full 0):
 garbage-first heap   total 270336K, used 158577K [0x0000000080000000, 0x0000000100000000)
  region size 1024K, 2 young (2048K), 2 survivors (2048K)
 Metaspace       used 124072K, committed 124928K, reserved 1179648K
  class space    used 16740K, committed 17152K, reserved 1048576K
}
Event: 181.062 GC heap before
{Heap before GC invocations=85 (full 0):
 garbage-first heap   total 270336K, used 169841K [0x0000000080000000, 0x0000000100000000)
  region size 1024K, 13 young (13312K), 2 survivors (2048K)
 Metaspace       used 124314K, committed 125248K, reserved 1179648K
  class space    used 16755K, committed 17216K, reserved 1048576K
}

