# JRE version: OpenJDK Runtime Environment (17.0.9) (build 17.0.9+0--11185874)
# Java VM: OpenJDK 64-Bit Server VM (17.0.9+0--11185874, mixed mode, tiered, compressed oops, compressed class ptrs, g1 gc, windows-amd64)
GC Precious Log:
 CPUs: 4 total, 4 available
 Memory: 8073M
 Large Page Support: Disabled
 NUMA Support: Disabled
 Compressed Oops: Enabled (32-bit)
 Heap Region Size: 1M
 Heap Min Capacity: 8M
 Heap Initial Capacity: 128M
 Heap Max Capacity: 2G
 Pre-touch: Disabled
 Parallel Workers: 4
 Concurrent Workers: 1
 Concurrent Refinement Workers: 4
 Periodic GC: Disabled
Heap:
 garbage-first heap   total 131072K, used 81765K [0x0000000080000000, 0x0000000100000000)
  region size 1024K, 14 young (14336K), 3 survivors (3072K)
 Metaspace       used 68029K, committed 68608K, reserved 1114112K
  class space    used 9146K, committed 9408K, reserved 1048576K
GC Heap History (20 events):
Event: 53.949 GC heap before
{Heap before GC invocations=26 (full 0):
 garbage-first heap   total 83968K, used 47607K [0x0000000080000000, 0x0000000100000000)
  region size 1024K, 4 young (4096K), 2 survivors (2048K)
 Metaspace       used 57797K, committed 58368K, reserved 1114112K
  class space    used 7810K, committed 8064K, reserved 1048576K
}
Event: 53.953 GC heap after
{Heap after GC invocations=27 (full 0):
 garbage-first heap   total 83968K, used 48361K [0x0000000080000000, 0x0000000100000000)
  region size 1024K, 2 young (2048K), 2 survivors (2048K)
 Metaspace       used 57797K, committed 58368K, reserved 1114112K
  class space    used 7810K, committed 8064K, reserved 1048576K
}
Event: 54.256 GC heap before
{Heap before GC invocations=28 (full 0):
 garbage-first heap   total 86016K, used 51433K [0x0000000080000000, 0x0000000100000000)
  region size 1024K, 6 young (6144K), 2 survivors (2048K)
 Metaspace       used 57808K, committed 58368K, reserved 1114112K
  class space    used 7810K, committed 8064K, reserved 1048576K
}
Event: 54.260 GC heap after
{Heap after GC invocations=29 (full 0):
 garbage-first heap   total 86016K, used 51841K [0x0000000080000000, 0x0000000100000000)
  region size 1024K, 2 young (2048K), 2 survivors (2048K)
 Metaspace       used 57808K, committed 58368K, reserved 1114112K
  class space    used 7810K, committed 8064K, reserved 1048576K
}
Event: 54.928 GC heap before
{Heap before GC invocations=30 (full 0):
 garbage-first heap   total 97280K, used 55937K [0x0000000080000000, 0x0000000100000000)
  region size 1024K, 4 young (4096K), 2 survivors (2048K)
 Metaspace       used 57808K, committed 58368K, reserved 1114112K
  class space    used 7810K, committed 8064K, reserved 1048576K
}
Event: 54.933 GC heap after
{Heap after GC invocations=31 (full 0):
 garbage-first heap   total 97280K, used 56718K [0x0000000080000000, 0x0000000100000000)
  region size 1024K, 1 young (1024K), 1 survivors (1024K)
 Metaspace       used 57808K, committed 58368K, reserved 1114112K
  class space    used 7810K, committed 8064K, reserved 1048576K
}
Event: 56.389 GC heap before
{Heap before GC invocations=32 (full 0):
 garbage-first heap   total 106496K, used 71054K [0x0000000080000000, 0x0000000100000000)
  region size 1024K, 13 young (13312K), 1 survivors (1024K)
 Metaspace       used 58530K, committed 59072K, reserved 1114112K
  class space    used 7926K, committed 8192K, reserved 1048576K
}
Event: 56.396 GC heap after
{Heap after GC invocations=33 (full 0):
 garbage-first heap   total 106496K, used 61415K [0x0000000080000000, 0x0000000100000000)
  region size 1024K, 2 young (2048K), 2 survivors (2048K)
 Metaspace       used 58530K, committed 59072K, reserved 1114112K
  class space    used 7926K, committed 8192K, reserved 1048576K
}
Event: 58.701 GC heap before
{Heap before GC invocations=33 (full 0):
 garbage-first heap   total 106496K, used 67559K [0x0000000080000000, 0x0000000100000000)
  region size 1024K, 10 young (10240K), 2 survivors (2048K)
 Metaspace       used 59070K, committed 59648K, reserved 1114112K
  class space    used 7980K, committed 8256K, reserved 1048576K
}
Event: 58.707 GC heap after
{Heap after GC invocations=34 (full 0):
 garbage-first heap   total 106496K, used 61642K [0x0000000080000000, 0x0000000100000000)
  region size 1024K, 1 young (1024K), 1 survivors (1024K)
 Metaspace       used 59070K, committed 59648K, reserved 1114112K
  class space    used 7980K, committed 8256K, reserved 1048576K
}
Event: 63.619 GC heap before
{Heap before GC invocations=35 (full 0):
 garbage-first heap   total 109568K, used 79050K [0x0000000080000000, 0x0000000100000000)
  region size 1024K, 17 young (17408K), 1 survivors (1024K)
 Metaspace       used 60326K, committed 60928K, reserved 1114112K
  class space    used 8156K, committed 8448K, reserved 1048576K
}
Event: 63.622 GC heap after
{Heap after GC invocations=36 (full 0):
 garbage-first heap   total 109568K, used 63089K [0x0000000080000000, 0x0000000100000000)
  region size 1024K, 2 young (2048K), 2 survivors (2048K)
 Metaspace       used 60326K, committed 60928K, reserved 1114112K
  class space    used 8156K, committed 8448K, reserved 1048576K
}
Event: 69.297 GC heap before
{Heap before GC invocations=36 (full 0):
 garbage-first heap   total 109568K, used 80497K [0x0000000080000000, 0x0000000100000000)
  region size 1024K, 20 young (20480K), 2 survivors (2048K)
 Metaspace       used 61878K, committed 62464K, reserved 1114112K
  class space    used 8355K, committed 8640K, reserved 1048576K
}
Event: 69.306 GC heap after
{Heap after GC invocations=37 (full 0):
 garbage-first heap   total 109568K, used 63721K [0x0000000080000000, 0x0000000100000000)
  region size 1024K, 2 young (2048K), 2 survivors (2048K)
 Metaspace       used 61878K, committed 62464K, reserved 1114112K
  class space    used 8355K, committed 8640K, reserved 1048576K
}
Event: 72.543 GC heap before
{Heap before GC invocations=38 (full 0):
 garbage-first heap   total 109568K, used 83177K [0x0000000080000000, 0x0000000100000000)
  region size 1024K, 22 young (22528K), 2 survivors (2048K)
 Metaspace       used 64229K, committed 64768K, reserved 1114112K
  class space    used 8620K, committed 8832K, reserved 1048576K
}
Event: 72.554 GC heap after
{Heap after GC invocations=39 (full 0):
 garbage-first heap   total 109568K, used 64155K [0x0000000080000000, 0x0000000100000000)
  region size 1024K, 2 young (2048K), 2 survivors (2048K)
 Metaspace       used 64229K, committed 64768K, reserved 1114112K
  class space    used 8620K, committed 8832K, reserved 1048576K
}
Event: 77.851 GC heap before
{Heap before GC invocations=39 (full 0):
 garbage-first heap   total 109568K, used 85659K [0x0000000080000000, 0x0000000100000000)
  region size 1024K, 23 young (23552K), 2 survivors (2048K)
 Metaspace       used 66496K, committed 67072K, reserved 1114112K
  class space    used 8961K, committed 9216K, reserved 1048576K
}
Event: 77.862 GC heap after
{Heap after GC invocations=40 (full 0):
 garbage-first heap   total 109568K, used 64827K [0x0000000080000000, 0x0000000100000000)
  region size 1024K, 3 young (3072K), 3 survivors (3072K)
 Metaspace       used 66496K, committed 67072K, reserved 1114112K
  class space    used 8961K, committed 9216K, reserved 1048576K
}
Event: 81.746 GC heap before
{Heap before GC invocations=41 (full 0):
 garbage-first heap   total 114688K, used 71995K [0x0000000080000000, 0x0000000100000000)
  region size 1024K, 12 young (12288K), 3 survivors (3072K)
 Metaspace       used 67963K, committed 68544K, reserved 1114112K
  class space    used 9135K, committed 9408K, reserved 1048576K
}
Event: 81.765 GC heap after
{Heap after GC invocations=42 (full 0):
 garbage-first heap   total 114688K, used 66405K [0x0000000080000000, 0x0000000100000000)
  region size 1024K, 3 young (3072K), 3 survivors (3072K)
 Metaspace       used 67963K, committed 68544K, reserved 1114112K
  class space    used 9135K, committed 9408K, reserved 1048576K
}

