# JRE version: OpenJDK Runtime Environment (17.0.9) (build 17.0.9+0--11185874)
# Java VM: OpenJDK 64-Bit Server VM (17.0.9+0--11185874, mixed mode, tiered, compressed oops, compressed class ptrs, g1 gc, windows-amd64)
GC Precious Log:
 CPUs: 4 total, 4 available
 Memory: 8073M
 Large Page Support: Disabled
 NUMA Support: Disabled
 Compressed Oops: Enabled (32-bit)
 Heap Region Size: 1M
 Heap Min Capacity: 8M
 Heap Initial Capacity: 128M
 Heap Max Capacity: 2G
 Pre-touch: Disabled
 Parallel Workers: 4
 Concurrent Workers: 1
 Concurrent Refinement Workers: 4
 Periodic GC: Disabled
Heap:
 garbage-first heap   total 322560K, used 149499K [0x0000000080000000, 0x0000000100000000)
  region size 1024K, 1 young (1024K), 1 survivors (1024K)
 Metaspace       used 125069K, committed 125888K, reserved 1179648K
  class space    used 16817K, committed 17216K, reserved 1048576K
GC Heap History (20 events):
Event: 545.132 GC heap after
{Heap after GC invocations=100 (full 0):
 garbage-first heap   total 278528K, used 132983K [0x0000000080000000, 0x0000000100000000)
  region size 1024K, 2 young (2048K), 2 survivors (2048K)
 Metaspace       used 116238K, committed 117056K, reserved 1179648K
  class space    used 15577K, committed 15936K, reserved 1048576K
}
Event: 550.807 GC heap before
{Heap before GC invocations=100 (full 0):
 garbage-first heap   total 278528K, used 217975K [0x0000000080000000, 0x0000000100000000)
  region size 1024K, 86 young (88064K), 2 survivors (2048K)
 Metaspace       used 118546K, committed 119360K, reserved 1179648K
  class space    used 15949K, committed 16320K, reserved 1048576K
}
Event: 550.826 GC heap after
{Heap after GC invocations=101 (full 0):
 garbage-first heap   total 278528K, used 144384K [0x0000000080000000, 0x0000000100000000)
  region size 1024K, 11 young (11264K), 11 survivors (11264K)
 Metaspace       used 118546K, committed 119360K, reserved 1179648K
  class space    used 15949K, committed 16320K, reserved 1048576K
}
Event: 554.716 GC heap before
{Heap before GC invocations=101 (full 0):
 garbage-first heap   total 278528K, used 220160K [0x0000000080000000, 0x0000000100000000)
  region size 1024K, 86 young (88064K), 11 survivors (11264K)
 Metaspace       used 122440K, committed 123264K, reserved 1179648K
  class space    used 16594K, committed 17024K, reserved 1048576K
}
Event: 554.741 GC heap after
{Heap after GC invocations=102 (full 0):
 garbage-first heap   total 278528K, used 151687K [0x0000000080000000, 0x0000000100000000)
  region size 1024K, 7 young (7168K), 7 survivors (7168K)
 Metaspace       used 122440K, committed 123264K, reserved 1179648K
  class space    used 16594K, committed 17024K, reserved 1048576K
}
Event: 556.111 GC heap before
{Heap before GC invocations=102 (full 0):
 garbage-first heap   total 278528K, used 223367K [0x0000000080000000, 0x0000000100000000)
  region size 1024K, 77 young (78848K), 7 survivors (7168K)
 Metaspace       used 124240K, committed 125120K, reserved 1179648K
  class space    used 16772K, committed 17216K, reserved 1048576K
}
Event: 556.125 GC heap after
{Heap after GC invocations=103 (full 0):
 garbage-first heap   total 278528K, used 152942K [0x0000000080000000, 0x0000000100000000)
  region size 1024K, 2 young (2048K), 2 survivors (2048K)
 Metaspace       used 124240K, committed 125120K, reserved 1179648K
  class space    used 16772K, committed 17216K, reserved 1048576K
}
Event: 557.359 GC heap before
{Heap before GC invocations=104 (full 0):
 garbage-first heap   total 286720K, used 226670K [0x0000000080000000, 0x0000000100000000)
  region size 1024K, 75 young (76800K), 2 survivors (2048K)
 Metaspace       used 124732K, committed 125632K, reserved 1179648K
  class space    used 16787K, committed 17216K, reserved 1048576K
}
Event: 557.364 GC heap after
{Heap after GC invocations=105 (full 0):
 garbage-first heap   total 286720K, used 152808K [0x0000000080000000, 0x0000000100000000)
  region size 1024K, 2 young (2048K), 2 survivors (2048K)
 Metaspace       used 124732K, committed 125632K, reserved 1179648K
  class space    used 16787K, committed 17216K, reserved 1048576K
}
Event: 557.439 GC heap before
{Heap before GC invocations=105 (full 0):
 garbage-first heap   total 286720K, used 165096K [0x0000000080000000, 0x0000000100000000)
  region size 1024K, 14 young (14336K), 2 survivors (2048K)
 Metaspace       used 124758K, committed 125632K, reserved 1179648K
  class space    used 16788K, committed 17216K, reserved 1048576K
}
Event: 557.444 GC heap after
{Heap after GC invocations=106 (full 0):
 garbage-first heap   total 286720K, used 150789K [0x0000000080000000, 0x0000000100000000)
  region size 1024K, 2 young (2048K), 2 survivors (2048K)
 Metaspace       used 124758K, committed 125632K, reserved 1179648K
  class space    used 16788K, committed 17216K, reserved 1048576K
}
Event: 557.942 GC heap before
{Heap before GC invocations=106 (full 0):
 garbage-first heap   total 286720K, used 237829K [0x0000000080000000, 0x0000000100000000)
  region size 1024K, 87 young (89088K), 2 survivors (2048K)
 Metaspace       used 124911K, committed 125760K, reserved 1179648K
  class space    used 16800K, committed 17216K, reserved 1048576K
}
Event: 557.947 GC heap after
{Heap after GC invocations=107 (full 0):
 garbage-first heap   total 286720K, used 150596K [0x0000000080000000, 0x0000000100000000)
  region size 1024K, 2 young (2048K), 2 survivors (2048K)
 Metaspace       used 124911K, committed 125760K, reserved 1179648K
  class space    used 16800K, committed 17216K, reserved 1048576K
}
Event: 558.456 GC heap before
{Heap before GC invocations=107 (full 0):
 garbage-first heap   total 286720K, used 241732K [0x0000000080000000, 0x0000000100000000)
  region size 1024K, 91 young (93184K), 2 survivors (2048K)
 Metaspace       used 125009K, committed 125824K, reserved 1179648K
  class space    used 16813K, committed 17216K, reserved 1048576K
}
Event: 558.461 GC heap after
{Heap after GC invocations=108 (full 0):
 garbage-first heap   total 286720K, used 151105K [0x0000000080000000, 0x0000000100000000)
  region size 1024K, 2 young (2048K), 2 survivors (2048K)
 Metaspace       used 125009K, committed 125824K, reserved 1179648K
  class space    used 16813K, committed 17216K, reserved 1048576K
}
Event: 558.915 GC heap before
{Heap before GC invocations=108 (full 0):
 garbage-first heap   total 286720K, used 245313K [0x0000000080000000, 0x0000000100000000)
  region size 1024K, 94 young (96256K), 2 survivors (2048K)
 Metaspace       used 125055K, committed 125888K, reserved 1179648K
  class space    used 16819K, committed 17216K, reserved 1048576K
}
Event: 558.921 GC heap after
{Heap after GC invocations=109 (full 0):
 garbage-first heap   total 286720K, used 151716K [0x0000000080000000, 0x0000000100000000)
  region size 1024K, 3 young (3072K), 3 survivors (3072K)
 Metaspace       used 125055K, committed 125888K, reserved 1179648K
  class space    used 16819K, committed 17216K, reserved 1048576K
}
Event: 559.714 GC heap before
{Heap before GC invocations=110 (full 0):
 garbage-first heap   total 322560K, used 242852K [0x0000000080000000, 0x0000000100000000)
  region size 1024K, 92 young (94208K), 3 survivors (3072K)
 Metaspace       used 125068K, committed 125888K, reserved 1179648K
  class space    used 16817K, committed 17216K, reserved 1048576K
}
Event: 559.721 GC heap after
{Heap after GC invocations=111 (full 0):
 garbage-first heap   total 322560K, used 151809K [0x0000000080000000, 0x0000000100000000)
  region size 1024K, 3 young (3072K), 3 survivors (3072K)
 Metaspace       used 125068K, committed 125888K, reserved 1179648K
  class space    used 16817K, committed 17216K, reserved 1048576K
}
Event: 559.792 GC heap before
{Heap before GC invocations=111 (full 0):
 garbage-first heap   total 322560K, used 164097K [0x0000000080000000, 0x0000000100000000)
  region size 1024K, 15 young (15360K), 3 survivors (3072K)
 Metaspace       used 125069K, committed 125888K, reserved 1179648K
  class space    used 16817K, committed 17216K, reserved 1048576K
}

