# JRE version: OpenJDK Runtime Environment (17.0.9) (build 17.0.9+0--11185874)
# Java VM: OpenJDK 64-Bit Server VM (17.0.9+0--11185874, mixed mode, tiered, compressed oops, compressed class ptrs, g1 gc, windows-amd64)
GC Precious Log:
 CPUs: 4 total, 4 available
 Memory: 8073M
 Large Page Support: Disabled
 NUMA Support: Disabled
 Compressed Oops: Enabled (32-bit)
 Heap Region Size: 1M
 Heap Min Capacity: 8M
 Heap Initial Capacity: 128M
 Heap Max Capacity: 2G
 Pre-touch: Disabled
 Parallel Workers: 4
 Concurrent Workers: 1
 Concurrent Refinement Workers: 4
 Periodic GC: Disabled
Heap:
 garbage-first heap   total 393216K, used 264278K [0x0000000080000000, 0x0000000100000000)
  region size 1024K, 3 young (3072K), 3 survivors (3072K)
 Metaspace       used 148785K, committed 149952K, reserved 1179648K
  class space    used 20224K, committed 20800K, reserved 1048576K
GC Heap History (20 events):
Event: 803.246 GC heap after
{Heap after GC invocations=106 (full 0):
 garbage-first heap   total 393216K, used 215466K [0x0000000080000000, 0x0000000100000000)
  region size 1024K, 20 young (20480K), 20 survivors (20480K)
 Metaspace       used 145069K, committed 146240K, reserved 1179648K
  class space    used 19885K, committed 20480K, reserved 1048576K
}
Event: 835.814 GC heap before
{Heap before GC invocations=107 (full 0):
 garbage-first heap   total 393216K, used 313770K [0x0000000080000000, 0x0000000100000000)
  region size 1024K, 104 young (106496K), 20 survivors (20480K)
 Metaspace       used 147814K, committed 148992K, reserved 1179648K
  class space    used 20186K, committed 20736K, reserved 1048576K
}
Event: 835.855 GC heap after
{Heap after GC invocations=108 (full 0):
 garbage-first heap   total 393216K, used 216064K [0x0000000080000000, 0x0000000100000000)
  region size 1024K, 10 young (10240K), 10 survivors (10240K)
 Metaspace       used 147814K, committed 148992K, reserved 1179648K
  class space    used 20186K, committed 20736K, reserved 1048576K
}
Event: 836.048 GC heap before
{Heap before GC invocations=108 (full 0):
 garbage-first heap   total 393216K, used 224256K [0x0000000080000000, 0x0000000100000000)
  region size 1024K, 19 young (19456K), 10 survivors (10240K)
 Metaspace       used 147907K, committed 149056K, reserved 1179648K
  class space    used 20190K, committed 20736K, reserved 1048576K
}
Event: 836.067 GC heap after
{Heap after GC invocations=109 (full 0):
 garbage-first heap   total 393216K, used 203264K [0x0000000080000000, 0x0000000100000000)
  region size 1024K, 2 young (2048K), 2 survivors (2048K)
 Metaspace       used 147907K, committed 149056K, reserved 1179648K
  class space    used 20190K, committed 20736K, reserved 1048576K
}
Event: 2160.407 GC heap before
{Heap before GC invocations=109 (full 0):
 garbage-first heap   total 393216K, used 304640K [0x0000000080000000, 0x0000000100000000)
  region size 1024K, 102 young (104448K), 2 survivors (2048K)
 Metaspace       used 148315K, committed 149504K, reserved 1179648K
  class space    used 20215K, committed 20800K, reserved 1048576K
}
Event: 2160.827 GC heap after
{Heap after GC invocations=110 (full 0):
 garbage-first heap   total 393216K, used 208790K [0x0000000080000000, 0x0000000100000000)
  region size 1024K, 8 young (8192K), 8 survivors (8192K)
 Metaspace       used 148315K, committed 149504K, reserved 1179648K
  class space    used 20215K, committed 20800K, reserved 1048576K
}
Event: 2166.507 GC heap before
{Heap before GC invocations=110 (full 0):
 garbage-first heap   total 393216K, used 220054K [0x0000000080000000, 0x0000000100000000)
  region size 1024K, 19 young (19456K), 8 survivors (8192K)
 Metaspace       used 148341K, committed 149568K, reserved 1179648K
  class space    used 20215K, committed 20800K, reserved 1048576K
}
Event: 2166.594 GC heap after
{Heap after GC invocations=111 (full 0):
 garbage-first heap   total 393216K, used 211737K [0x0000000080000000, 0x0000000100000000)
  region size 1024K, 3 young (3072K), 3 survivors (3072K)
 Metaspace       used 148341K, committed 149568K, reserved 1179648K
  class space    used 20215K, committed 20800K, reserved 1048576K
}
Event: 2168.209 GC heap before
{Heap before GC invocations=111 (full 0):
 garbage-first heap   total 393216K, used 240409K [0x0000000080000000, 0x0000000100000000)
  region size 1024K, 32 young (32768K), 3 survivors (3072K)
 Metaspace       used 148408K, committed 149632K, reserved 1179648K
  class space    used 20217K, committed 20800K, reserved 1048576K
}
Event: 2168.256 GC heap after
{Heap after GC invocations=112 (full 0):
 garbage-first heap   total 393216K, used 213841K [0x0000000080000000, 0x0000000100000000)
  region size 1024K, 3 young (3072K), 3 survivors (3072K)
 Metaspace       used 148408K, committed 149632K, reserved 1179648K
  class space    used 20217K, committed 20800K, reserved 1048576K
}
Event: 2470.376 GC heap before
{Heap before GC invocations=112 (full 0):
 garbage-first heap   total 393216K, used 273233K [0x0000000080000000, 0x0000000100000000)
  region size 1024K, 61 young (62464K), 3 survivors (3072K)
 Metaspace       used 148516K, committed 149696K, reserved 1179648K
  class space    used 20218K, committed 20800K, reserved 1048576K
}
Event: 2470.437 GC heap after
{Heap after GC invocations=113 (full 0):
 garbage-first heap   total 393216K, used 218145K [0x0000000080000000, 0x0000000100000000)
  region size 1024K, 8 young (8192K), 8 survivors (8192K)
 Metaspace       used 148516K, committed 149696K, reserved 1179648K
  class space    used 20218K, committed 20800K, reserved 1048576K
}
Event: 2472.759 GC heap before
{Heap before GC invocations=113 (full 0):
 garbage-first heap   total 393216K, used 283681K [0x0000000080000000, 0x0000000100000000)
  region size 1024K, 70 young (71680K), 8 survivors (8192K)
 Metaspace       used 148636K, committed 149824K, reserved 1179648K
  class space    used 20219K, committed 20800K, reserved 1048576K
}
Event: 2473.335 GC heap after
{Heap after GC invocations=114 (full 0):
 garbage-first heap   total 393216K, used 245460K [0x0000000080000000, 0x0000000100000000)
  region size 1024K, 9 young (9216K), 9 survivors (9216K)
 Metaspace       used 148636K, committed 149824K, reserved 1179648K
  class space    used 20219K, committed 20800K, reserved 1048576K
}
Event: 2473.482 GC heap before
{Heap before GC invocations=114 (full 0):
 garbage-first heap   total 393216K, used 255700K [0x0000000080000000, 0x0000000100000000)
  region size 1024K, 19 young (19456K), 9 survivors (9216K)
 Metaspace       used 148648K, committed 149888K, reserved 1179648K
  class space    used 20220K, committed 20800K, reserved 1048576K
}
Event: 2473.513 GC heap after
{Heap after GC invocations=115 (full 0):
 garbage-first heap   total 393216K, used 248832K [0x0000000080000000, 0x0000000100000000)
  region size 1024K, 2 young (2048K), 2 survivors (2048K)
 Metaspace       used 148648K, committed 149888K, reserved 1179648K
  class space    used 20220K, committed 20800K, reserved 1048576K
}
Event: 2475.906 GC heap before
{Heap before GC invocations=115 (full 0):
 garbage-first heap   total 393216K, used 301056K [0x0000000080000000, 0x0000000100000000)
  region size 1024K, 54 young (55296K), 2 survivors (2048K)
 Metaspace       used 148716K, committed 149952K, reserved 1179648K
  class space    used 20223K, committed 20800K, reserved 1048576K
}
Event: 2476.072 GC heap after
{Heap after GC invocations=116 (full 0):
 garbage-first heap   total 393216K, used 261632K [0x0000000080000000, 0x0000000100000000)
  region size 1024K, 7 young (7168K), 7 survivors (7168K)
 Metaspace       used 148716K, committed 149952K, reserved 1179648K
  class space    used 20223K, committed 20800K, reserved 1048576K
}
Event: 2479.684 GC heap before
{Heap before GC invocations=116 (full 0):
 garbage-first heap   total 393216K, used 320000K [0x0000000080000000, 0x0000000100000000)
  region size 1024K, 33 young (33792K), 7 survivors (7168K)
 Metaspace       used 148785K, committed 149952K, reserved 1179648K
  class space    used 20224K, committed 20800K, reserved 1048576K
}

