# JRE version: OpenJDK Runtime Environment (17.0.9) (build 17.0.9+0--11185874)
# Java VM: OpenJDK 64-Bit Server VM (17.0.9+0--11185874, mixed mode, tiered, compressed oops, compressed class ptrs, g1 gc, windows-amd64)
GC Precious Log:
 CPUs: 4 total, 4 available
 Memory: 8073M
 Large Page Support: Disabled
 NUMA Support: Disabled
 Compressed Oops: Enabled (32-bit)
 Heap Region Size: 1M
 Heap Min Capacity: 8M
 Heap Initial Capacity: 128M
 Heap Max Capacity: 2G
 Pre-touch: Disabled
 Parallel Workers: 4
 Concurrent Workers: 1
 Concurrent Refinement Workers: 4
 Periodic GC: Disabled
Heap:
 garbage-first heap   total 153600K, used 100208K [0x0000000080000000, 0x0000000100000000)
  region size 1024K, 16 young (16384K), 4 survivors (4096K)
 Metaspace       used 80319K, committed 80896K, reserved 1179648K
  class space    used 10755K, committed 11008K, reserved 1048576K
GC Heap History (20 events):
Event: 84.972 GC heap before
{Heap before GC invocations=42 (full 0):
 garbage-first heap   total 116736K, used 68144K [0x0000000080000000, 0x0000000100000000)
  region size 1024K, 5 young (5120K), 3 survivors (3072K)
 Metaspace       used 65077K, committed 65600K, reserved 1114112K
  class space    used 8678K, committed 8896K, reserved 1048576K
}
Event: 84.980 GC heap after
{Heap after GC invocations=43 (full 0):
 garbage-first heap   total 116736K, used 69124K [0x0000000080000000, 0x0000000100000000)
  region size 1024K, 1 young (1024K), 1 survivors (1024K)
 Metaspace       used 65077K, committed 65600K, reserved 1114112K
  class space    used 8678K, committed 8896K, reserved 1048576K
}
Event: 88.349 GC heap before
{Heap before GC invocations=44 (full 0):
 garbage-first heap   total 121856K, used 73220K [0x0000000080000000, 0x0000000100000000)
  region size 1024K, 5 young (5120K), 1 survivors (1024K)
 Metaspace       used 65094K, committed 65600K, reserved 1114112K
  class space    used 8679K, committed 8896K, reserved 1048576K
}
Event: 88.351 GC heap after
{Heap after GC invocations=45 (full 0):
 garbage-first heap   total 121856K, used 71556K [0x0000000080000000, 0x0000000100000000)
  region size 1024K, 2 young (2048K), 2 survivors (2048K)
 Metaspace       used 65094K, committed 65600K, reserved 1114112K
  class space    used 8679K, committed 8896K, reserved 1048576K
}
Event: 92.667 GC heap before
{Heap before GC invocations=46 (full 0):
 garbage-first heap   total 122880K, used 87940K [0x0000000080000000, 0x0000000100000000)
  region size 1024K, 19 young (19456K), 2 survivors (2048K)
 Metaspace       used 66346K, committed 66880K, reserved 1114112K
  class space    used 8849K, committed 9088K, reserved 1048576K
}
Event: 92.674 GC heap after
{Heap after GC invocations=47 (full 0):
 garbage-first heap   total 122880K, used 73861K [0x0000000080000000, 0x0000000100000000)
  region size 1024K, 3 young (3072K), 3 survivors (3072K)
 Metaspace       used 66346K, committed 66880K, reserved 1114112K
  class space    used 8849K, committed 9088K, reserved 1048576K
}
Event: 97.470 GC heap before
{Heap before GC invocations=48 (full 0):
 garbage-first heap   total 128000K, used 92293K [0x0000000080000000, 0x0000000100000000)
  region size 1024K, 20 young (20480K), 3 survivors (3072K)
 Metaspace       used 67675K, committed 68224K, reserved 1114112K
  class space    used 9037K, committed 9280K, reserved 1048576K
}
Event: 97.474 GC heap after
{Heap after GC invocations=49 (full 0):
 garbage-first heap   total 128000K, used 75283K [0x0000000080000000, 0x0000000100000000)
  region size 1024K, 2 young (2048K), 2 survivors (2048K)
 Metaspace       used 67675K, committed 68224K, reserved 1114112K
  class space    used 9037K, committed 9280K, reserved 1048576K
}
Event: 103.787 GC heap before
{Heap before GC invocations=49 (full 0):
 garbage-first heap   total 128000K, used 96787K [0x0000000080000000, 0x0000000100000000)
  region size 1024K, 23 young (23552K), 2 survivors (2048K)
 Metaspace       used 69895K, committed 70464K, reserved 1114112K
  class space    used 9263K, committed 9536K, reserved 1048576K
}
Event: 103.790 GC heap after
{Heap after GC invocations=50 (full 0):
 garbage-first heap   total 128000K, used 75810K [0x0000000080000000, 0x0000000100000000)
  region size 1024K, 2 young (2048K), 2 survivors (2048K)
 Metaspace       used 69895K, committed 70464K, reserved 1114112K
  class space    used 9263K, committed 9536K, reserved 1048576K
}
Event: 108.338 GC heap before
{Heap before GC invocations=51 (full 0):
 garbage-first heap   total 132096K, used 98338K [0x0000000080000000, 0x0000000100000000)
  region size 1024K, 24 young (24576K), 2 survivors (2048K)
 Metaspace       used 72392K, committed 73024K, reserved 1114112K
  class space    used 9633K, committed 9920K, reserved 1048576K
}
Event: 108.343 GC heap after
{Heap after GC invocations=52 (full 0):
 garbage-first heap   total 132096K, used 76587K [0x0000000080000000, 0x0000000100000000)
  region size 1024K, 2 young (2048K), 2 survivors (2048K)
 Metaspace       used 72392K, committed 73024K, reserved 1114112K
  class space    used 9633K, committed 9920K, reserved 1048576K
}
Event: 112.274 GC heap before
{Heap before GC invocations=52 (full 0):
 garbage-first heap   total 132096K, used 89899K [0x0000000080000000, 0x0000000100000000)
  region size 1024K, 16 young (16384K), 2 survivors (2048K)
 Metaspace       used 73400K, committed 73984K, reserved 1114112K
  class space    used 9782K, committed 10048K, reserved 1048576K
}
Event: 112.288 GC heap after
{Heap after GC invocations=53 (full 0):
 garbage-first heap   total 132096K, used 78269K [0x0000000080000000, 0x0000000100000000)
  region size 1024K, 4 young (4096K), 4 survivors (4096K)
 Metaspace       used 73400K, committed 73984K, reserved 1114112K
  class space    used 9782K, committed 10048K, reserved 1048576K
}
Event: 112.556 GC heap before
{Heap before GC invocations=54 (full 0):
 garbage-first heap   total 153600K, used 92605K [0x0000000080000000, 0x0000000100000000)
  region size 1024K, 15 young (15360K), 4 survivors (4096K)
 Metaspace       used 73402K, committed 73984K, reserved 1114112K
  class space    used 9782K, committed 10048K, reserved 1048576K
}
Event: 112.563 GC heap after
{Heap after GC invocations=55 (full 0):
 garbage-first heap   total 153600K, used 80278K [0x0000000080000000, 0x0000000100000000)
  region size 1024K, 4 young (4096K), 4 survivors (4096K)
 Metaspace       used 73402K, committed 73984K, reserved 1114112K
  class space    used 9782K, committed 10048K, reserved 1048576K
}
Event: 120.832 GC heap before
{Heap before GC invocations=56 (full 0):
 garbage-first heap   total 153600K, used 118166K [0x0000000080000000, 0x0000000100000000)
  region size 1024K, 40 young (40960K), 4 survivors (4096K)
 Metaspace       used 76074K, committed 76544K, reserved 1179648K
  class space    used 10153K, committed 10368K, reserved 1048576K
}
Event: 120.838 GC heap after
{Heap after GC invocations=57 (full 0):
 garbage-first heap   total 153600K, used 83346K [0x0000000080000000, 0x0000000100000000)
  region size 1024K, 2 young (2048K), 2 survivors (2048K)
 Metaspace       used 76074K, committed 76544K, reserved 1179648K
  class space    used 10153K, committed 10368K, reserved 1048576K
}
Event: 139.964 GC heap before
{Heap before GC invocations=57 (full 0):
 garbage-first heap   total 153600K, used 118162K [0x0000000080000000, 0x0000000100000000)
  region size 1024K, 37 young (37888K), 2 survivors (2048K)
 Metaspace       used 79536K, committed 80128K, reserved 1179648K
  class space    used 10640K, committed 10880K, reserved 1048576K
}
Event: 139.981 GC heap after
{Heap after GC invocations=58 (full 0):
 garbage-first heap   total 153600K, used 84848K [0x0000000080000000, 0x0000000100000000)
  region size 1024K, 4 young (4096K), 4 survivors (4096K)
 Metaspace       used 79536K, committed 80128K, reserved 1179648K
  class space    used 10640K, committed 10880K, reserved 1048576K
}

