# JRE version: OpenJDK Runtime Environment (17.0.9) (build 17.0.9+0--11185874)
# Java VM: OpenJDK 64-Bit Server VM (17.0.9+0--11185874, mixed mode, tiered, compressed oops, compressed class ptrs, g1 gc, windows-amd64)
GC Precious Log:
 CPUs: 4 total, 4 available
 Memory: 8073M
 Large Page Support: Disabled
 NUMA Support: Disabled
 Compressed Oops: Enabled (32-bit)
 Heap Region Size: 1M
 Heap Min Capacity: 8M
 Heap Initial Capacity: 128M
 Heap Max Capacity: 2G
 Pre-touch: Disabled
 Parallel Workers: 4
 Concurrent Workers: 1
 Concurrent Refinement Workers: 4
 Periodic GC: Disabled
Heap:
 garbage-first heap   total 168960K, used 112723K [0x0000000080000000, 0x0000000100000000)
  region size 1024K, 22 young (22528K), 5 survivors (5120K)
 Metaspace       used 84844K, committed 85440K, reserved 1179648K
  class space    used 11404K, committed 11648K, reserved 1048576K
GC Heap History (20 events):
Event: 179.144 GC heap before
{Heap before GC invocations=37 (full 0):
 garbage-first heap   total 132096K, used 81366K [0x0000000080000000, 0x0000000100000000)
  region size 1024K, 6 young (6144K), 1 survivors (1024K)
 Metaspace       used 64877K, committed 65408K, reserved 1114112K
  class space    used 8664K, committed 8896K, reserved 1048576K
}
Event: 179.160 GC heap after
{Heap after GC invocations=38 (full 0):
 garbage-first heap   total 132096K, used 76958K [0x0000000080000000, 0x0000000100000000)
  region size 1024K, 1 young (1024K), 1 survivors (1024K)
 Metaspace       used 64877K, committed 65408K, reserved 1114112K
  class space    used 8664K, committed 8896K, reserved 1048576K
}
Event: 186.148 GC heap before
{Heap before GC invocations=38 (full 0):
 garbage-first heap   total 132096K, used 102558K [0x0000000080000000, 0x0000000100000000)
  region size 1024K, 27 young (27648K), 1 survivors (1024K)
 Metaspace       used 67536K, committed 68032K, reserved 1114112K
  class space    used 8956K, committed 9152K, reserved 1048576K
}
Event: 186.156 GC heap after
{Heap after GC invocations=39 (full 0):
 garbage-first heap   total 132096K, used 77641K [0x0000000080000000, 0x0000000100000000)
  region size 1024K, 2 young (2048K), 2 survivors (2048K)
 Metaspace       used 67536K, committed 68032K, reserved 1114112K
  class space    used 8956K, committed 9152K, reserved 1048576K
}
Event: 198.890 GC heap before
{Heap before GC invocations=40 (full 0):
 garbage-first heap   total 133120K, used 105289K [0x0000000080000000, 0x0000000100000000)
  region size 1024K, 29 young (29696K), 2 survivors (2048K)
 Metaspace       used 70448K, committed 70976K, reserved 1114112K
  class space    used 9393K, committed 9600K, reserved 1048576K
}
Event: 198.904 GC heap after
{Heap after GC invocations=41 (full 0):
 garbage-first heap   total 133120K, used 78598K [0x0000000080000000, 0x0000000100000000)
  region size 1024K, 2 young (2048K), 2 survivors (2048K)
 Metaspace       used 70448K, committed 70976K, reserved 1114112K
  class space    used 9393K, committed 9600K, reserved 1048576K
}
Event: 200.230 GC heap before
{Heap before GC invocations=41 (full 0):
 garbage-first heap   total 133120K, used 81670K [0x0000000080000000, 0x0000000100000000)
  region size 1024K, 6 young (6144K), 2 survivors (2048K)
 Metaspace       used 70732K, committed 71296K, reserved 1114112K
  class space    used 9437K, committed 9664K, reserved 1048576K
}
Event: 200.245 GC heap after
{Heap after GC invocations=42 (full 0):
 garbage-first heap   total 133120K, used 78756K [0x0000000080000000, 0x0000000100000000)
  region size 1024K, 1 young (1024K), 1 survivors (1024K)
 Metaspace       used 70732K, committed 71296K, reserved 1114112K
  class space    used 9437K, committed 9664K, reserved 1048576K
}
Event: 208.499 GC heap before
{Heap before GC invocations=42 (full 0):
 garbage-first heap   total 133120K, used 113572K [0x0000000080000000, 0x0000000100000000)
  region size 1024K, 30 young (30720K), 1 survivors (1024K)
 Metaspace       used 72394K, committed 72960K, reserved 1114112K
  class space    used 9654K, committed 9920K, reserved 1048576K
}
Event: 208.506 GC heap after
{Heap after GC invocations=43 (full 0):
 garbage-first heap   total 159744K, used 83452K [0x0000000080000000, 0x0000000100000000)
  region size 1024K, 4 young (4096K), 4 survivors (4096K)
 Metaspace       used 72394K, committed 72960K, reserved 1114112K
  class space    used 9654K, committed 9920K, reserved 1048576K
}
Event: 220.535 GC heap before
{Heap before GC invocations=44 (full 0):
 garbage-first heap   total 159744K, used 126460K [0x0000000080000000, 0x0000000100000000)
  region size 1024K, 46 young (47104K), 4 survivors (4096K)
 Metaspace       used 75391K, committed 75968K, reserved 1179648K
  class space    used 10063K, committed 10304K, reserved 1048576K
}
Event: 220.564 GC heap after
{Heap after GC invocations=45 (full 0):
 garbage-first heap   total 159744K, used 85892K [0x0000000080000000, 0x0000000100000000)
  region size 1024K, 3 young (3072K), 3 survivors (3072K)
 Metaspace       used 75391K, committed 75968K, reserved 1179648K
  class space    used 10063K, committed 10304K, reserved 1048576K
}
Event: 225.181 GC heap before
{Heap before GC invocations=45 (full 0):
 garbage-first heap   total 159744K, used 88964K [0x0000000080000000, 0x0000000100000000)
  region size 1024K, 7 young (7168K), 3 survivors (3072K)
 Metaspace       used 76375K, committed 76992K, reserved 1179648K
  class space    used 10186K, committed 10496K, reserved 1048576K
}
Event: 225.209 GC heap after
{Heap after GC invocations=46 (full 0):
 garbage-first heap   total 159744K, used 85988K [0x0000000080000000, 0x0000000100000000)
  region size 1024K, 1 young (1024K), 1 survivors (1024K)
 Metaspace       used 76375K, committed 76992K, reserved 1179648K
  class space    used 10186K, committed 10496K, reserved 1048576K
}
Event: 255.355 GC heap before
{Heap before GC invocations=46 (full 0):
 garbage-first heap   total 159744K, used 132068K [0x0000000080000000, 0x0000000100000000)
  region size 1024K, 42 young (43008K), 1 survivors (1024K)
 Metaspace       used 80350K, committed 80960K, reserved 1179648K
  class space    used 10790K, committed 11072K, reserved 1048576K
}
Event: 255.360 GC heap after
{Heap after GC invocations=47 (full 0):
 garbage-first heap   total 159744K, used 91664K [0x0000000080000000, 0x0000000100000000)
  region size 1024K, 3 young (3072K), 3 survivors (3072K)
 Metaspace       used 80350K, committed 80960K, reserved 1179648K
  class space    used 10790K, committed 11072K, reserved 1048576K
}
Event: 264.221 GC heap before
{Heap before GC invocations=47 (full 0):
 garbage-first heap   total 159744K, used 130576K [0x0000000080000000, 0x0000000100000000)
  region size 1024K, 41 young (41984K), 3 survivors (3072K)
 Metaspace       used 83635K, committed 84288K, reserved 1179648K
  class space    used 11234K, committed 11520K, reserved 1048576K
}
Event: 264.237 GC heap after
{Heap after GC invocations=48 (full 0):
 garbage-first heap   total 159744K, used 93660K [0x0000000080000000, 0x0000000100000000)
  region size 1024K, 5 young (5120K), 5 survivors (5120K)
 Metaspace       used 83635K, committed 84288K, reserved 1179648K
  class space    used 11234K, committed 11520K, reserved 1048576K
}
Event: 269.786 GC heap before
{Heap before GC invocations=48 (full 0):
 garbage-first heap   total 159744K, used 131548K [0x0000000080000000, 0x0000000100000000)
  region size 1024K, 42 young (43008K), 5 survivors (5120K)
 Metaspace       used 84135K, committed 84736K, reserved 1179648K
  class space    used 11309K, committed 11584K, reserved 1048576K
}
Event: 269.804 GC heap after
{Heap after GC invocations=49 (full 0):
 garbage-first heap   total 159744K, used 96339K [0x0000000080000000, 0x0000000100000000)
  region size 1024K, 5 young (5120K), 5 survivors (5120K)
 Metaspace       used 84135K, committed 84736K, reserved 1179648K
  class space    used 11309K, committed 11584K, reserved 1048576K
}

